0 verbose cli /data/data/com.termux/files/usr/bin/node /data/data/com.termux/files/usr/bin/npm
1 info using npm@10.9.2
2 info using node@v23.11.0
3 silly config load:file:/data/data/com.termux/files/usr/lib/node_modules/npm/npmrc
4 silly config load:file:/data/data/com.termux/files/home/my-bot/.npmrc
5 silly config load:file:/data/data/com.termux/files/home/.npmrc
6 silly config load:file:/data/data/com.termux/files/usr/etc/npmrc
7 verbose title npm install discord.js express
8 verbose argv "install" "discord.js" "express"
9 verbose logfile logs-max:10 dir:/data/data/com.termux/files/home/.npm/_logs/2025-05-10T19_32_14_961Z-
10 verbose logfile /data/data/com.termux/files/home/.npm/_logs/2025-05-10T19_32_14_961Z-debug-0.log
11 silly logfile done cleaning log files
12 silly packumentCache heap:466354176 maxSize:116588544 maxEntrySize:58294272
13 silly idealTree buildDeps
14 silly fetch manifest discord.js@*
15 silly packumentCache full:https://registry.npmjs.org/discord.js cache-miss
16 http fetch GET 200 https://registry.npmjs.org/discord.js 3693ms (cache miss)
17 silly packumentCache full:https://registry.npmjs.org/discord.js set size:undefined disposed:false
18 silly fetch manifest express@*
19 silly packumentCache full:https://registry.npmjs.org/express cache-miss
20 http fetch GET 200 https://registry.npmjs.org/express 350ms (cache miss)
21 silly packumentCache full:https://registry.npmjs.org/express set size:undefined disposed:false
22 silly placeDep ROOT discord.js@14.19.3 OK for: my-bot@1.0.0 want: *
23 silly placeDep ROOT express@5.1.0 OK for: my-bot@1.0.0 want: *
24 silly fetch manifest tslib@^2.6.3
25 silly packumentCache full:https://registry.npmjs.org/tslib cache-miss
26 silly fetch manifest undici@6.21.1
27 silly packumentCache full:https://registry.npmjs.org/undici cache-miss
28 silly fetch manifest @discordjs/ws@^1.2.2
29 silly packumentCache full:https://registry.npmjs.org/@discordjs%2fws cache-miss
30 silly fetch manifest magic-bytes.js@^1.10.0
31 silly packumentCache full:https://registry.npmjs.org/magic-bytes.js cache-miss
32 silly fetch manifest @discordjs/rest@^2.5.0
33 silly packumentCache full:https://registry.npmjs.org/@discordjs%2frest cache-miss
34 silly fetch manifest @discordjs/util@^1.1.1
35 silly packumentCache full:https://registry.npmjs.org/@discordjs%2futil cache-miss
36 silly fetch manifest fast-deep-equal@3.1.3
37 silly packumentCache full:https://registry.npmjs.org/fast-deep-equal cache-miss
38 http fetch GET 200 https://registry.npmjs.org/fast-deep-equal 456ms (cache miss)
39 silly packumentCache full:https://registry.npmjs.org/fast-deep-equal set size:undefined disposed:false
40 silly fetch manifest lodash.snakecase@4.1.1
41 silly packumentCache full:https://registry.npmjs.org/lodash.snakecase cache-miss
42 http fetch GET 200 https://registry.npmjs.org/lodash.snakecase 511ms (cache miss)
43 silly packumentCache full:https://registry.npmjs.org/lodash.snakecase set size:undefined disposed:false
44 silly fetch manifest discord-api-types@^0.38.1
45 silly packumentCache full:https://registry.npmjs.org/discord-api-types cache-miss
46 http fetch GET 200 https://registry.npmjs.org/undici 1085ms (cache miss)
47 silly packumentCache full:https://registry.npmjs.org/undici set size:undefined disposed:false
48 silly fetch manifest @discordjs/builders@^1.11.2
49 silly packumentCache full:https://registry.npmjs.org/@discordjs%2fbuilders cache-miss
50 http fetch GET 200 https://registry.npmjs.org/tslib 1177ms (cache miss)
51 silly packumentCache full:https://registry.npmjs.org/tslib set size:undefined disposed:false
52 silly fetch manifest @sapphire/snowflake@3.5.3
53 silly packumentCache full:https://registry.npmjs.org/@sapphire%2fsnowflake cache-miss
54 http fetch GET 200 https://registry.npmjs.org/magic-bytes.js 2877ms (cache miss)
55 silly packumentCache full:https://registry.npmjs.org/magic-bytes.js set size:undefined disposed:false
56 silly fetch manifest @discordjs/collection@1.5.3
57 silly packumentCache full:https://registry.npmjs.org/@discordjs%2fcollection cache-miss
58 http fetch GET 200 https://registry.npmjs.org/@discordjs%2futil 5521ms (cache miss)
59 silly packumentCache full:https://registry.npmjs.org/@discordjs%2futil set size:undefined disposed:false
60 silly fetch manifest @discordjs/formatters@^0.6.1
61 silly packumentCache full:https://registry.npmjs.org/@discordjs%2fformatters cache-miss
62 http fetch GET 200 https://registry.npmjs.org/@sapphire%2fsnowflake 8143ms (cache miss)
63 silly packumentCache full:https://registry.npmjs.org/@sapphire%2fsnowflake set size:undefined disposed:false
64 silly fetch manifest qs@^6.14.0
65 silly packumentCache full:https://registry.npmjs.org/qs cache-miss
66 http fetch GET 200 https://registry.npmjs.org/qs 1998ms (cache miss)
67 silly packumentCache full:https://registry.npmjs.org/qs set size:undefined disposed:false
68 silly fetch manifest etag@^1.8.1
69 silly packumentCache full:https://registry.npmjs.org/etag cache-miss
70 http fetch GET 200 https://registry.npmjs.org/etag 646ms (cache miss)
71 silly packumentCache full:https://registry.npmjs.org/etag set size:undefined disposed:false
72 silly fetch manifest once@^1.4.0
73 silly packumentCache full:https://registry.npmjs.org/once cache-miss
74 http fetch GET 200 https://registry.npmjs.org/once 364ms (cache miss)
75 silly packumentCache full:https://registry.npmjs.org/once set size:undefined disposed:false
76 silly fetch manifest send@^1.1.0
77 silly packumentCache full:https://registry.npmjs.org/send cache-miss
78 http fetch GET 200 https://registry.npmjs.org/discord-api-types 12642ms (cache miss)
79 silly packumentCache full:https://registry.npmjs.org/discord-api-types set size:undefined disposed:false
80 silly fetch manifest vary@^1.1.2
81 silly packumentCache full:https://registry.npmjs.org/vary cache-miss
82 http fetch GET 200 https://registry.npmjs.org/send 1754ms (cache miss)
83 silly packumentCache full:https://registry.npmjs.org/send set size:undefined disposed:false
84 silly fetch manifest debug@^4.4.0
85 silly packumentCache full:https://registry.npmjs.org/debug cache-miss
86 http fetch GET 200 https://registry.npmjs.org/@discordjs%2frest 14308ms (cache miss)
87 silly packumentCache full:https://registry.npmjs.org/@discordjs%2frest set size:undefined disposed:false
88 silly fetch manifest fresh@^2.0.0
89 silly packumentCache full:https://registry.npmjs.org/fresh cache-miss
90 http fetch GET 200 https://registry.npmjs.org/vary 556ms (cache miss)
91 silly packumentCache full:https://registry.npmjs.org/vary set size:undefined disposed:false
92 silly fetch manifest cookie@^0.7.1
93 silly packumentCache full:https://registry.npmjs.org/cookie cache-miss
94 http fetch GET 200 https://registry.npmjs.org/@discordjs%2fbuilders 13540ms (cache miss)
95 silly packumentCache full:https://registry.npmjs.org/@discordjs%2fbuilders set size:undefined disposed:false
96 silly fetch manifest router@^2.2.0
97 silly packumentCache full:https://registry.npmjs.org/router cache-miss
98 http fetch GET 200 https://registry.npmjs.org/@discordjs%2fformatters 9301ms (cache miss)
99 silly packumentCache full:https://registry.npmjs.org/@discordjs%2fformatters set size:undefined disposed:false
100 silly fetch manifest accepts@^2.0.0
101 silly packumentCache full:https://registry.npmjs.org/accepts cache-miss
102 http fetch GET 200 https://registry.npmjs.org/fresh 603ms (cache miss)
103 silly packumentCache full:https://registry.npmjs.org/fresh set size:undefined disposed:false
104 silly fetch manifest type-is@^2.0.1
105 silly packumentCache full:https://registry.npmjs.org/type-is cache-miss
106 http fetch GET 200 https://registry.npmjs.org/cookie 627ms (cache miss)
107 silly packumentCache full:https://registry.npmjs.org/cookie set size:undefined disposed:false
108 silly fetch manifest parseurl@^1.3.3
109 silly packumentCache full:https://registry.npmjs.org/parseurl cache-miss
110 http fetch GET 200 https://registry.npmjs.org/@discordjs%2fcollection 12530ms (cache miss)
111 silly packumentCache full:https://registry.npmjs.org/@discordjs%2fcollection set size:undefined disposed:false
112 silly fetch manifest statuses@^2.0.1
113 silly packumentCache full:https://registry.npmjs.org/statuses cache-miss
114 http fetch GET 200 https://registry.npmjs.org/accepts 606ms (cache miss)
115 silly packumentCache full:https://registry.npmjs.org/accepts set size:undefined disposed:false
116 silly fetch manifest encodeurl@^2.0.0
117 silly packumentCache full:https://registry.npmjs.org/encodeurl cache-miss
118 http fetch GET 200 https://registry.npmjs.org/debug 1551ms (cache miss)
119 silly packumentCache full:https://registry.npmjs.org/debug set size:undefined disposed:false
120 silly fetch manifest mime-types@^3.0.0
121 silly packumentCache full:https://registry.npmjs.org/mime-types cache-miss
122 http fetch GET 200 https://registry.npmjs.org/type-is 578ms (cache miss)
123 silly packumentCache full:https://registry.npmjs.org/type-is set size:undefined disposed:false
124 silly fetch manifest proxy-addr@^2.0.7
125 silly packumentCache full:https://registry.npmjs.org/proxy-addr cache-miss
126 http fetch GET 200 https://registry.npmjs.org/parseurl 545ms (cache miss)
127 silly packumentCache full:https://registry.npmjs.org/parseurl set size:undefined disposed:false
128 silly fetch manifest body-parser@^2.2.0
129 silly packumentCache full:https://registry.npmjs.org/body-parser cache-miss
130 http fetch GET 200 https://registry.npmjs.org/router 898ms (cache miss)
131 silly packumentCache full:https://registry.npmjs.org/router set size:undefined disposed:false
132 silly fetch manifest escape-html@^1.0.3
133 silly packumentCache full:https://registry.npmjs.org/escape-html cache-miss
134 http fetch GET 200 https://registry.npmjs.org/@discordjs%2fws 15920ms (cache miss)
135 silly packumentCache full:https://registry.npmjs.org/@discordjs%2fws set size:undefined disposed:false
136 silly fetch manifest http-errors@^2.0.0
137 silly packumentCache full:https://registry.npmjs.org/http-errors cache-miss
138 http fetch GET 200 https://registry.npmjs.org/statuses 606ms (cache miss)
139 silly packumentCache full:https://registry.npmjs.org/statuses set size:undefined disposed:false
140 silly fetch manifest on-finished@^2.4.1
141 silly packumentCache full:https://registry.npmjs.org/on-finished cache-miss
142 http fetch GET 200 https://registry.npmjs.org/encodeurl 557ms (cache miss)
143 silly packumentCache full:https://registry.npmjs.org/encodeurl set size:undefined disposed:false
144 silly fetch manifest content-type@^1.0.5
145 silly packumentCache full:https://registry.npmjs.org/content-type cache-miss
146 http fetch GET 200 https://registry.npmjs.org/escape-html 483ms (cache miss)
147 silly packumentCache full:https://registry.npmjs.org/escape-html set size:undefined disposed:false
148 silly fetch manifest finalhandler@^2.1.0
149 silly packumentCache full:https://registry.npmjs.org/finalhandler cache-miss
150 http fetch GET 200 https://registry.npmjs.org/proxy-addr 538ms (cache miss)
151 silly packumentCache full:https://registry.npmjs.org/proxy-addr set size:undefined disposed:false
152 silly fetch manifest range-parser@^1.2.1
153 silly packumentCache full:https://registry.npmjs.org/range-parser cache-miss
154 http fetch GET 200 https://registry.npmjs.org/body-parser 542ms (cache miss)
155 silly packumentCache full:https://registry.npmjs.org/body-parser set size:undefined disposed:false
156 silly fetch manifest serve-static@^2.2.0
157 silly packumentCache full:https://registry.npmjs.org/serve-static cache-miss
158 http fetch GET 200 https://registry.npmjs.org/mime-types 646ms (cache miss)
159 silly packumentCache full:https://registry.npmjs.org/mime-types set size:undefined disposed:false
160 silly fetch manifest cookie-signature@^1.2.1
161 silly packumentCache full:https://registry.npmjs.org/cookie-signature cache-miss
162 http fetch GET 200 https://registry.npmjs.org/on-finished 173ms (cache miss)
163 silly packumentCache full:https://registry.npmjs.org/on-finished set size:undefined disposed:false
164 silly fetch manifest merge-descriptors@^2.0.0
165 silly packumentCache full:https://registry.npmjs.org/merge-descriptors cache-miss
166 http fetch GET 200 https://registry.npmjs.org/finalhandler 181ms (cache miss)
167 silly packumentCache full:https://registry.npmjs.org/finalhandler set size:undefined disposed:false
168 silly fetch manifest content-disposition@^1.0.0
169 silly packumentCache full:https://registry.npmjs.org/content-disposition cache-miss
170 http fetch GET 200 https://registry.npmjs.org/content-type 213ms (cache miss)
171 silly packumentCache full:https://registry.npmjs.org/content-type set size:undefined disposed:false
172 http fetch GET 200 https://registry.npmjs.org/range-parser 199ms (cache miss)
173 silly packumentCache full:https://registry.npmjs.org/range-parser set size:undefined disposed:false
174 http fetch GET 200 https://registry.npmjs.org/http-errors 332ms (cache miss)
175 silly packumentCache full:https://registry.npmjs.org/http-errors set size:undefined disposed:false
176 http fetch GET 200 https://registry.npmjs.org/cookie-signature 157ms (cache miss)
177 silly packumentCache full:https://registry.npmjs.org/cookie-signature set size:undefined disposed:false
178 http fetch GET 200 https://registry.npmjs.org/merge-descriptors 138ms (cache miss)
179 silly packumentCache full:https://registry.npmjs.org/merge-descriptors set size:undefined disposed:false
180 http fetch GET 200 https://registry.npmjs.org/serve-static 283ms (cache miss)
181 silly packumentCache full:https://registry.npmjs.org/serve-static set size:undefined disposed:false
182 http fetch GET 200 https://registry.npmjs.org/content-disposition 155ms (cache miss)
183 silly packumentCache full:https://registry.npmjs.org/content-disposition set size:undefined disposed:false
184 silly placeDep ROOT @discordjs/builders@1.11.2 OK for: discord.js@14.19.3 want: ^1.11.2
185 silly placeDep ROOT @discordjs/collection@1.5.3 OK for: discord.js@14.19.3 want: 1.5.3
186 silly placeDep ROOT @discordjs/formatters@0.6.1 OK for: discord.js@14.19.3 want: ^0.6.1
187 silly placeDep ROOT @discordjs/rest@2.5.0 OK for: discord.js@14.19.3 want: ^2.5.0
188 silly placeDep ROOT @discordjs/util@1.1.1 OK for: discord.js@14.19.3 want: ^1.1.1
189 silly placeDep ROOT @discordjs/ws@1.2.2 OK for: discord.js@14.19.3 want: ^1.2.2
190 silly placeDep ROOT @sapphire/snowflake@3.5.3 OK for: discord.js@14.19.3 want: 3.5.3
191 silly placeDep ROOT discord-api-types@0.38.4 OK for: discord.js@14.19.3 want: ^0.38.1
192 silly placeDep ROOT fast-deep-equal@3.1.3 OK for: discord.js@14.19.3 want: 3.1.3
193 silly placeDep ROOT lodash.snakecase@4.1.1 OK for: discord.js@14.19.3 want: 4.1.1
194 silly placeDep ROOT magic-bytes.js@1.12.1 OK for: discord.js@14.19.3 want: ^1.10.0
195 silly placeDep ROOT tslib@2.8.1 OK for: discord.js@14.19.3 want: ^2.6.3
196 silly placeDep ROOT undici@6.21.1 OK for: discord.js@14.19.3 want: 6.21.1
197 silly fetch manifest ts-mixer@^6.0.4
198 silly packumentCache full:https://registry.npmjs.org/ts-mixer cache-miss
199 silly fetch manifest fast-deep-equal@^3.1.3
200 silly packumentCache full:https://registry.npmjs.org/fast-deep-equal cache-miss
201 silly fetch manifest @sapphire/shapeshift@^4.0.0
202 silly packumentCache full:https://registry.npmjs.org/@sapphire%2fshapeshift cache-miss
203 silly fetch manifest @sapphire/snowflake@^3.5.3
204 silly packumentCache full:https://registry.npmjs.org/@sapphire%2fsnowflake cache-miss
205 silly fetch manifest @discordjs/collection@^2.1.1
206 silly packumentCache full:https://registry.npmjs.org/@discordjs%2fcollection cache-miss
207 silly fetch manifest @sapphire/async-queue@^1.5.3
208 silly packumentCache full:https://registry.npmjs.org/@sapphire%2fasync-queue cache-miss
209 silly fetch manifest @vladfrangu/async_event_emitter@^2.4.6
210 silly packumentCache full:https://registry.npmjs.org/@vladfrangu%2fasync_event_emitter cache-miss
211 http cache https://registry.npmjs.org/fast-deep-equal 86ms (cache hit)
212 silly packumentCache full:https://registry.npmjs.org/fast-deep-equal set size:48634 disposed:false
213 silly fetch manifest ws@^8.17.0
214 silly packumentCache full:https://registry.npmjs.org/ws cache-miss
215 http cache https://registry.npmjs.org/@sapphire%2fsnowflake 126ms (cache hit)
216 silly packumentCache full:https://registry.npmjs.org/@sapphire%2fsnowflake set size:2845342 disposed:false
217 silly fetch manifest tslib@^2.6.2
218 silly packumentCache full:https://registry.npmjs.org/tslib cache-miss
219 http cache https://registry.npmjs.org/@discordjs%2fcollection 388ms (cache hit)
220 silly packumentCache full:https://registry.npmjs.org/@discordjs%2fcollection set size:4880524 disposed:false
221 silly fetch manifest @types/ws@^8.5.10
222 silly packumentCache full:https://registry.npmjs.org/@types%2fws cache-miss
223 http cache https://registry.npmjs.org/tslib 422ms (cache hit)
224 silly packumentCache full:https://registry.npmjs.org/tslib set size:108872 disposed:false
225 silly fetch manifest @discordjs/collection@^2.1.0
226 silly packumentCache full:https://registry.npmjs.org/@discordjs%2fcollection cache-miss
227 http fetch GET 200 https://registry.npmjs.org/ts-mixer 797ms (cache miss)
228 silly packumentCache full:https://registry.npmjs.org/ts-mixer set size:undefined disposed:false
229 silly fetch manifest @sapphire/async-queue@^1.5.2
230 silly packumentCache full:https://registry.npmjs.org/@sapphire%2fasync-queue cache-miss
231 http cache https://registry.npmjs.org/@discordjs%2fcollection 114ms (cache hit)
232 silly packumentCache full:https://registry.npmjs.org/@discordjs%2fcollection set size:4880524 disposed:false
233 silly fetch manifest @vladfrangu/async_event_emitter@^2.2.4
234 silly packumentCache full:https://registry.npmjs.org/@vladfrangu%2fasync_event_emitter cache-miss
235 http fetch GET 200 https://registry.npmjs.org/ws 1210ms (cache miss)
236 silly packumentCache full:https://registry.npmjs.org/ws set size:undefined disposed:false
237 http fetch GET 200 https://registry.npmjs.org/@types%2fws 887ms (cache miss)
238 silly packumentCache full:https://registry.npmjs.org/@types%2fws set size:undefined disposed:false
239 http fetch GET 200 https://registry.npmjs.org/@vladfrangu%2fasync_event_emitter 638ms (cache miss)
240 silly packumentCache full:https://registry.npmjs.org/@vladfrangu%2fasync_event_emitter set size:undefined disposed:false
241 http fetch GET 200 https://registry.npmjs.org/@vladfrangu%2fasync_event_emitter 2120ms (cache miss)
242 silly packumentCache full:https://registry.npmjs.org/@vladfrangu%2fasync_event_emitter set size:undefined disposed:false
243 http fetch GET 200 https://registry.npmjs.org/@sapphire%2fshapeshift 2391ms (cache miss)
244 silly packumentCache full:https://registry.npmjs.org/@sapphire%2fshapeshift set size:undefined disposed:false
245 http fetch GET 200 https://registry.npmjs.org/@sapphire%2fasync-queue 3938ms (cache miss)
246 silly packumentCache full:https://registry.npmjs.org/@sapphire%2fasync-queue set size:undefined disposed:false
247 http fetch GET 200 https://registry.npmjs.org/@sapphire%2fasync-queue 4931ms (cache miss)
248 silly packumentCache full:https://registry.npmjs.org/@sapphire%2fasync-queue set size:undefined disposed:false
249 silly placeDep ROOT @sapphire/shapeshift@4.0.0 OK for: @discordjs/builders@1.11.2 want: ^4.0.0
250 silly placeDep ROOT ts-mixer@6.0.4 OK for: @discordjs/builders@1.11.2 want: ^6.0.4
251 silly fetch manifest lodash@^4.17.21
252 silly packumentCache full:https://registry.npmjs.org/lodash cache-miss
253 http fetch GET 200 https://registry.npmjs.org/lodash 585ms (cache miss)
254 silly packumentCache full:https://registry.npmjs.org/lodash set size:undefined disposed:false
255 silly placeDep node_modules/@discordjs/rest @discordjs/collection@2.1.1 OK for: @discordjs/rest@2.5.0 want: ^2.1.1
256 silly placeDep ROOT @sapphire/async-queue@1.5.5 OK for: @discordjs/rest@2.5.0 want: ^1.5.3
257 silly placeDep ROOT @vladfrangu/async_event_emitter@2.4.6 OK for: @discordjs/rest@2.5.0 want: ^2.4.6
258 silly fetch manifest bufferutil@^4.0.1
259 silly packumentCache full:https://registry.npmjs.org/bufferutil cache-miss
260 http fetch GET 200 https://registry.npmjs.org/bufferutil 435ms (cache miss)
261 silly packumentCache full:https://registry.npmjs.org/bufferutil set size:undefined disposed:false
262 silly fetch manifest utf-8-validate@>=5.0.2
263 silly packumentCache full:https://registry.npmjs.org/utf-8-validate cache-miss
264 http fetch GET 200 https://registry.npmjs.org/utf-8-validate 440ms (cache miss)
265 silly packumentCache full:https://registry.npmjs.org/utf-8-validate set size:undefined disposed:false
266 silly placeDep node_modules/@discordjs/ws @discordjs/collection@2.1.1 OK for: @discordjs/ws@1.2.2 want: ^2.1.0
267 silly placeDep ROOT @types/ws@8.18.1 OK for: @discordjs/ws@1.2.2 want: ^8.5.10
268 silly placeDep ROOT ws@8.18.2 OK for: @discordjs/ws@1.2.2 want: ^8.17.0
269 silly fetch manifest @types/node@*
270 silly packumentCache full:https://registry.npmjs.org/@types%2fnode cache-miss
271 http fetch GET 200 https://registry.npmjs.org/@types%2fnode 3705ms (cache miss)
272 silly packumentCache full:https://registry.npmjs.org/@types%2fnode set size:undefined disposed:false
273 silly placeDep ROOT lodash@4.17.21 OK for: @sapphire/shapeshift@4.0.0 want: ^4.17.21
274 silly placeDep ROOT @types/node@22.15.17 OK for: @types/ws@8.18.1 want: *
275 silly fetch manifest undici-types@~6.21.0
276 silly packumentCache full:https://registry.npmjs.org/undici-types cache-miss
277 http fetch GET 200 https://registry.npmjs.org/undici-types 443ms (cache miss)
278 silly packumentCache full:https://registry.npmjs.org/undici-types set size:undefined disposed:false
279 silly placeDep ROOT undici-types@6.21.0 OK for: @types/node@22.15.17 want: ~6.21.0
280 silly placeDep ROOT accepts@2.0.0 OK for: express@5.1.0 want: ^2.0.0
281 silly placeDep ROOT body-parser@2.2.0 OK for: express@5.1.0 want: ^2.2.0
282 silly placeDep ROOT content-disposition@1.0.0 OK for: express@5.1.0 want: ^1.0.0
283 silly placeDep ROOT content-type@1.0.5 OK for: express@5.1.0 want: ^1.0.5
284 silly placeDep ROOT cookie@0.7.2 OK for: express@5.1.0 want: ^0.7.1
285 silly placeDep ROOT cookie-signature@1.2.2 OK for: express@5.1.0 want: ^1.2.1
286 silly placeDep ROOT debug@4.4.0 OK for: express@5.1.0 want: ^4.4.0
287 silly placeDep ROOT encodeurl@2.0.0 OK for: express@5.1.0 want: ^2.0.0
288 silly placeDep ROOT escape-html@1.0.3 OK for: express@5.1.0 want: ^1.0.3
289 silly placeDep ROOT etag@1.8.1 OK for: express@5.1.0 want: ^1.8.1
290 silly placeDep ROOT finalhandler@2.1.0 OK for: express@5.1.0 want: ^2.1.0
291 silly placeDep ROOT fresh@2.0.0 OK for: express@5.1.0 want: ^2.0.0
292 silly placeDep ROOT http-errors@2.0.0 OK for: express@5.1.0 want: ^2.0.0
293 silly placeDep ROOT merge-descriptors@2.0.0 OK for: express@5.1.0 want: ^2.0.0
294 silly placeDep ROOT mime-types@3.0.1 OK for: express@5.1.0 want: ^3.0.0
295 silly placeDep ROOT on-finished@2.4.1 OK for: express@5.1.0 want: ^2.4.1
296 silly placeDep ROOT once@1.4.0 OK for: express@5.1.0 want: ^1.4.0
297 silly placeDep ROOT parseurl@1.3.3 OK for: express@5.1.0 want: ^1.3.3
298 silly placeDep ROOT proxy-addr@2.0.7 OK for: express@5.1.0 want: ^2.0.7
299 silly placeDep ROOT qs@6.14.0 OK for: express@5.1.0 want: ^6.14.0
300 silly placeDep ROOT range-parser@1.2.1 OK for: express@5.1.0 want: ^1.2.1
301 silly placeDep ROOT router@2.2.0 OK for: express@5.1.0 want: ^2.2.0
302 silly placeDep ROOT send@1.2.0 OK for: express@5.1.0 want: ^1.1.0
303 silly placeDep ROOT serve-static@2.2.0 OK for: express@5.1.0 want: ^2.2.0
304 silly placeDep ROOT statuses@2.0.1 OK for: express@5.1.0 want: ^2.0.1
305 silly placeDep ROOT type-is@2.0.1 OK for: express@5.1.0 want: ^2.0.1
306 silly placeDep ROOT vary@1.1.2 OK for: express@5.1.0 want: ^1.1.2
307 silly fetch manifest negotiator@^1.0.0
308 silly packumentCache full:https://registry.npmjs.org/negotiator cache-miss
309 silly fetch manifest bytes@^3.1.2
310 silly packumentCache full:https://registry.npmjs.org/bytes cache-miss
311 silly fetch manifest iconv-lite@^0.6.3
312 silly packumentCache full:https://registry.npmjs.org/iconv-lite cache-miss
313 silly fetch manifest raw-body@^3.0.0
314 silly packumentCache full:https://registry.npmjs.org/raw-body cache-miss
315 silly fetch manifest type-is@^2.0.0
316 silly packumentCache full:https://registry.npmjs.org/type-is cache-miss
317 silly fetch manifest safe-buffer@5.2.1
318 silly packumentCache full:https://registry.npmjs.org/safe-buffer cache-miss
319 silly fetch manifest ms@^2.1.3
320 silly packumentCache full:https://registry.npmjs.org/ms cache-miss
321 http cache https://registry.npmjs.org/type-is 48ms (cache hit)
322 silly packumentCache full:https://registry.npmjs.org/type-is set size:86196 disposed:false
323 silly fetch manifest depd@2.0.0
324 silly packumentCache full:https://registry.npmjs.org/depd cache-miss
325 http fetch GET 200 https://registry.npmjs.org/negotiator 240ms (cache miss)
326 silly packumentCache full:https://registry.npmjs.org/negotiator set size:undefined disposed:false
327 silly fetch manifest inherits@2.0.4
328 silly packumentCache full:https://registry.npmjs.org/inherits cache-miss
329 http fetch GET 200 https://registry.npmjs.org/bytes 259ms (cache miss)
330 silly packumentCache full:https://registry.npmjs.org/bytes set size:undefined disposed:false
331 silly fetch manifest setprototypeof@1.2.0
332 silly packumentCache full:https://registry.npmjs.org/setprototypeof cache-miss
333 http fetch GET 200 https://registry.npmjs.org/safe-buffer 276ms (cache miss)
334 silly packumentCache full:https://registry.npmjs.org/safe-buffer set size:undefined disposed:false
335 silly fetch manifest statuses@2.0.1
336 silly packumentCache full:https://registry.npmjs.org/statuses cache-miss
337 http fetch GET 200 https://registry.npmjs.org/depd 246ms (cache miss)
338 silly packumentCache full:https://registry.npmjs.org/depd set size:undefined disposed:false
339 silly fetch manifest toidentifier@1.0.1
340 silly packumentCache full:https://registry.npmjs.org/toidentifier cache-miss
341 http cache https://registry.npmjs.org/statuses 70ms (cache hit)
342 silly packumentCache full:https://registry.npmjs.org/statuses set size:34272 disposed:false
343 silly fetch manifest mime-db@^1.54.0
344 silly packumentCache full:https://registry.npmjs.org/mime-db cache-miss
345 http fetch GET 200 https://registry.npmjs.org/iconv-lite 383ms (cache miss)
346 silly packumentCache full:https://registry.npmjs.org/iconv-lite set size:undefined disposed:false
347 silly fetch manifest ee-first@1.1.1
348 silly packumentCache full:https://registry.npmjs.org/ee-first cache-miss
349 http fetch GET 200 https://registry.npmjs.org/raw-body 407ms (cache miss)
350 silly packumentCache full:https://registry.npmjs.org/raw-body set size:undefined disposed:false
351 silly fetch manifest wrappy@1
352 silly packumentCache full:https://registry.npmjs.org/wrappy cache-miss
353 http fetch GET 200 https://registry.npmjs.org/inherits 207ms (cache miss)
354 silly packumentCache full:https://registry.npmjs.org/inherits set size:undefined disposed:false
355 silly fetch manifest forwarded@0.2.0
356 silly packumentCache full:https://registry.npmjs.org/forwarded cache-miss
357 http fetch GET 200 https://registry.npmjs.org/setprototypeof 208ms (cache miss)
358 silly packumentCache full:https://registry.npmjs.org/setprototypeof set size:undefined disposed:false
359 silly fetch manifest ipaddr.js@1.9.1
360 silly packumentCache full:https://registry.npmjs.org/ipaddr.js cache-miss
361 http fetch GET 200 https://registry.npmjs.org/toidentifier 190ms (cache miss)
362 silly packumentCache full:https://registry.npmjs.org/toidentifier set size:undefined disposed:false
363 silly fetch manifest side-channel@^1.1.0
364 silly packumentCache full:https://registry.npmjs.org/side-channel cache-miss
365 http fetch GET 200 https://registry.npmjs.org/ms 514ms (cache miss)
366 silly packumentCache full:https://registry.npmjs.org/ms set size:undefined disposed:false
367 silly fetch manifest depd@^2.0.0
368 silly packumentCache full:https://registry.npmjs.org/depd cache-miss
369 http fetch GET 200 https://registry.npmjs.org/ee-first 143ms (cache miss)
370 silly packumentCache full:https://registry.npmjs.org/ee-first set size:undefined disposed:false
371 silly fetch manifest is-promise@^4.0.0
372 silly packumentCache full:https://registry.npmjs.org/is-promise cache-miss
373 http cache https://registry.npmjs.org/depd 41ms (cache hit)
374 silly packumentCache full:https://registry.npmjs.org/depd set size:40182 disposed:false
375 silly fetch manifest path-to-regexp@^8.0.0
376 silly packumentCache full:https://registry.npmjs.org/path-to-regexp cache-miss
377 http fetch GET 200 https://registry.npmjs.org/forwarded 151ms (cache miss)
378 silly packumentCache full:https://registry.npmjs.org/forwarded set size:undefined disposed:false
379 silly fetch manifest media-typer@^1.1.0
380 silly packumentCache full:https://registry.npmjs.org/media-typer cache-miss
381 http fetch GET 200 https://registry.npmjs.org/side-channel 307ms (cache miss)
382 silly packumentCache full:https://registry.npmjs.org/side-channel set size:undefined disposed:false
383 http fetch GET 200 https://registry.npmjs.org/ipaddr.js 354ms (cache miss)
384 silly packumentCache full:https://registry.npmjs.org/ipaddr.js set size:undefined disposed:false
385 http fetch GET 200 https://registry.npmjs.org/wrappy 419ms (cache miss)
386 silly packumentCache full:https://registry.npmjs.org/wrappy set size:undefined disposed:false
387 http fetch GET 200 https://registry.npmjs.org/mime-db 545ms (cache miss)
388 silly packumentCache full:https://registry.npmjs.org/mime-db set size:undefined disposed:false
389 http fetch GET 200 https://registry.npmjs.org/media-typer 322ms (cache miss)
390 silly packumentCache full:https://registry.npmjs.org/media-typer set size:undefined disposed:false
391 http fetch GET 200 https://registry.npmjs.org/path-to-regexp 418ms (cache miss)
392 silly packumentCache full:https://registry.npmjs.org/path-to-regexp set size:undefined disposed:false
393 http fetch GET 200 https://registry.npmjs.org/is-promise 917ms (cache miss)
394 silly packumentCache full:https://registry.npmjs.org/is-promise set size:undefined disposed:false
395 silly placeDep ROOT negotiator@1.0.0 OK for: accepts@2.0.0 want: ^1.0.0
396 silly placeDep ROOT bytes@3.1.2 OK for: body-parser@2.2.0 want: ^3.1.2
397 silly placeDep ROOT iconv-lite@0.6.3 OK for: body-parser@2.2.0 want: ^0.6.3
398 silly placeDep ROOT raw-body@3.0.0 OK for: body-parser@2.2.0 want: ^3.0.0
399 silly fetch manifest safer-buffer@>= 2.1.2 < 3.0.0
400 silly packumentCache full:https://registry.npmjs.org/safer-buffer cache-miss
401 silly fetch manifest unpipe@1.0.0
402 silly packumentCache full:https://registry.npmjs.org/unpipe cache-miss
403 http fetch GET 200 https://registry.npmjs.org/unpipe 132ms (cache miss)
404 silly packumentCache full:https://registry.npmjs.org/unpipe set size:undefined disposed:false
405 http fetch GET 200 https://registry.npmjs.org/safer-buffer 139ms (cache miss)
406 silly packumentCache full:https://registry.npmjs.org/safer-buffer set size:undefined disposed:false
407 silly placeDep ROOT safe-buffer@5.2.1 OK for: content-disposition@1.0.0 want: 5.2.1
408 silly placeDep ROOT ms@2.1.3 OK for: debug@4.4.0 want: ^2.1.3
409 silly placeDep ROOT depd@2.0.0 OK for: http-errors@2.0.0 want: 2.0.0
410 silly placeDep ROOT inherits@2.0.4 OK for: http-errors@2.0.0 want: 2.0.4
411 silly placeDep ROOT setprototypeof@1.2.0 OK for: http-errors@2.0.0 want: 1.2.0
412 silly placeDep ROOT toidentifier@1.0.1 OK for: http-errors@2.0.0 want: 1.0.1
413 silly placeDep ROOT safer-buffer@2.1.2 OK for: iconv-lite@0.6.3 want: >= 2.1.2 < 3.0.0
414 silly placeDep ROOT mime-db@1.54.0 OK for: mime-types@3.0.1 want: ^1.54.0
415 silly placeDep ROOT ee-first@1.1.1 OK for: on-finished@2.4.1 want: 1.1.1
416 silly placeDep ROOT wrappy@1.0.2 OK for: once@1.4.0 want: 1
417 silly placeDep ROOT forwarded@0.2.0 OK for: proxy-addr@2.0.7 want: 0.2.0
418 silly placeDep ROOT ipaddr.js@1.9.1 OK for: proxy-addr@2.0.7 want: 1.9.1
419 silly placeDep ROOT side-channel@1.1.0 OK for: qs@6.14.0 want: ^1.1.0
420 silly fetch manifest es-errors@^1.3.0
421 silly packumentCache full:https://registry.npmjs.org/es-errors cache-miss
422 silly fetch manifest object-inspect@^1.13.3
423 silly packumentCache full:https://registry.npmjs.org/object-inspect cache-miss
424 silly fetch manifest side-channel-list@^1.0.0
425 silly packumentCache full:https://registry.npmjs.org/side-channel-list cache-miss
426 silly fetch manifest side-channel-map@^1.0.1
427 silly packumentCache full:https://registry.npmjs.org/side-channel-map cache-miss
428 silly fetch manifest side-channel-weakmap@^1.0.2
429 silly packumentCache full:https://registry.npmjs.org/side-channel-weakmap cache-miss
430 http fetch GET 200 https://registry.npmjs.org/side-channel-list 127ms (cache miss)
431 silly packumentCache full:https://registry.npmjs.org/side-channel-list set size:undefined disposed:false
432 http fetch GET 200 https://registry.npmjs.org/side-channel-weakmap 149ms (cache miss)
433 silly packumentCache full:https://registry.npmjs.org/side-channel-weakmap set size:undefined disposed:false
434 http fetch GET 200 https://registry.npmjs.org/side-channel-map 157ms (cache miss)
435 silly packumentCache full:https://registry.npmjs.org/side-channel-map set size:undefined disposed:false
436 http fetch GET 200 https://registry.npmjs.org/object-inspect 211ms (cache miss)
437 silly packumentCache full:https://registry.npmjs.org/object-inspect set size:undefined disposed:false
438 http fetch GET 200 https://registry.npmjs.org/es-errors 379ms (cache miss)
439 silly packumentCache full:https://registry.npmjs.org/es-errors set size:undefined disposed:false
440 silly placeDep ROOT unpipe@1.0.0 OK for: raw-body@3.0.0 want: 1.0.0
441 silly placeDep ROOT is-promise@4.0.0 OK for: router@2.2.0 want: ^4.0.0
442 silly placeDep ROOT path-to-regexp@8.2.0 OK for: router@2.2.0 want: ^8.0.0
443 silly placeDep ROOT es-errors@1.3.0 OK for: side-channel@1.1.0 want: ^1.3.0
444 silly placeDep ROOT object-inspect@1.13.4 OK for: side-channel@1.1.0 want: ^1.13.3
445 silly placeDep ROOT side-channel-list@1.0.0 OK for: side-channel@1.1.0 want: ^1.0.0
446 silly placeDep ROOT side-channel-map@1.0.1 OK for: side-channel@1.1.0 want: ^1.0.1
447 silly placeDep ROOT side-channel-weakmap@1.0.2 OK for: side-channel@1.1.0 want: ^1.0.2
448 silly fetch manifest call-bound@^1.0.2
449 silly packumentCache full:https://registry.npmjs.org/call-bound cache-miss
450 silly fetch manifest get-intrinsic@^1.2.5
451 silly packumentCache full:https://registry.npmjs.org/get-intrinsic cache-miss
452 silly fetch manifest call-bound@^1.0.2
453 silly packumentCache full:https://registry.npmjs.org/call-bound cache-miss
454 silly fetch manifest get-intrinsic@^1.2.5
455 silly packumentCache full:https://registry.npmjs.org/get-intrinsic cache-miss
456 http fetch GET 200 https://registry.npmjs.org/call-bound 306ms (cache miss)
457 silly packumentCache full:https://registry.npmjs.org/call-bound set size:undefined disposed:false
458 http fetch GET 200 https://registry.npmjs.org/call-bound 308ms (cache miss)
459 silly packumentCache full:https://registry.npmjs.org/call-bound set size:undefined disposed:false
460 http fetch GET 200 https://registry.npmjs.org/get-intrinsic 440ms (cache miss)
461 silly packumentCache full:https://registry.npmjs.org/get-intrinsic set size:undefined disposed:false
462 http fetch GET 200 https://registry.npmjs.org/get-intrinsic 443ms (cache miss)
463 silly packumentCache full:https://registry.npmjs.org/get-intrinsic set size:undefined disposed:false
464 silly placeDep ROOT call-bound@1.0.4 OK for: side-channel-map@1.0.1 want: ^1.0.2
465 silly placeDep ROOT get-intrinsic@1.3.0 OK for: side-channel-map@1.0.1 want: ^1.2.5
466 silly fetch manifest call-bind-apply-helpers@^1.0.2
467 silly packumentCache full:https://registry.npmjs.org/call-bind-apply-helpers cache-miss
468 silly fetch manifest get-intrinsic@^1.3.0
469 silly packumentCache full:https://registry.npmjs.org/get-intrinsic cache-miss
470 silly fetch manifest call-bind-apply-helpers@^1.0.2
471 silly packumentCache full:https://registry.npmjs.org/call-bind-apply-helpers cache-miss
472 silly fetch manifest es-define-property@^1.0.1
473 silly packumentCache full:https://registry.npmjs.org/es-define-property cache-miss
474 silly fetch manifest es-object-atoms@^1.1.1
475 silly packumentCache full:https://registry.npmjs.org/es-object-atoms cache-miss
476 silly fetch manifest function-bind@^1.1.2
477 silly packumentCache full:https://registry.npmjs.org/function-bind cache-miss
478 silly fetch manifest get-proto@^1.0.1
479 silly packumentCache full:https://registry.npmjs.org/get-proto cache-miss
480 http cache https://registry.npmjs.org/get-intrinsic 59ms (cache hit)
481 silly packumentCache full:https://registry.npmjs.org/get-intrinsic set size:57687 disposed:false
482 silly fetch manifest gopd@^1.2.0
483 silly packumentCache full:https://registry.npmjs.org/gopd cache-miss
484 http fetch GET 200 https://registry.npmjs.org/es-object-atoms 402ms (cache miss)
485 silly packumentCache full:https://registry.npmjs.org/es-object-atoms set size:undefined disposed:false
486 silly fetch manifest has-symbols@^1.1.0
487 silly packumentCache full:https://registry.npmjs.org/has-symbols cache-miss
488 http fetch GET 200 https://registry.npmjs.org/get-proto 426ms (cache miss)
489 silly packumentCache full:https://registry.npmjs.org/get-proto set size:undefined disposed:false
490 silly fetch manifest hasown@^2.0.2
491 silly packumentCache full:https://registry.npmjs.org/hasown cache-miss
492 http fetch GET 200 https://registry.npmjs.org/call-bind-apply-helpers 447ms (cache miss)
493 silly packumentCache full:https://registry.npmjs.org/call-bind-apply-helpers set size:undefined disposed:false
494 silly fetch manifest math-intrinsics@^1.1.0
495 silly packumentCache full:https://registry.npmjs.org/math-intrinsics cache-miss
496 http fetch GET 200 https://registry.npmjs.org/es-define-property 452ms (cache miss)
497 silly packumentCache full:https://registry.npmjs.org/es-define-property set size:undefined disposed:false
498 http fetch GET 200 https://registry.npmjs.org/hasown 505ms (cache miss)
499 silly packumentCache full:https://registry.npmjs.org/hasown set size:undefined disposed:false
500 http fetch GET 200 https://registry.npmjs.org/gopd 887ms (cache miss)
501 silly packumentCache full:https://registry.npmjs.org/gopd set size:undefined disposed:false
502 http fetch GET 200 https://registry.npmjs.org/math-intrinsics 503ms (cache miss)
503 silly packumentCache full:https://registry.npmjs.org/math-intrinsics set size:undefined disposed:false
504 http fetch GET 200 https://registry.npmjs.org/has-symbols 548ms (cache miss)
505 silly packumentCache full:https://registry.npmjs.org/has-symbols set size:undefined disposed:false
506 http fetch GET 200 https://registry.npmjs.org/function-bind 964ms (cache miss)
507 silly packumentCache full:https://registry.npmjs.org/function-bind set size:undefined disposed:false
508 http fetch GET 200 https://registry.npmjs.org/call-bind-apply-helpers 989ms (cache miss)
509 silly packumentCache full:https://registry.npmjs.org/call-bind-apply-helpers set size:undefined disposed:false
510 silly placeDep ROOT call-bind-apply-helpers@1.0.2 OK for: call-bound@1.0.4 want: ^1.0.2
511 silly placeDep ROOT function-bind@1.1.2 OK for: call-bind-apply-helpers@1.0.2 want: ^1.1.2
512 silly placeDep ROOT es-define-property@1.0.1 OK for: get-intrinsic@1.3.0 want: ^1.0.1
513 silly placeDep ROOT es-object-atoms@1.1.1 OK for: get-intrinsic@1.3.0 want: ^1.1.1
514 silly placeDep ROOT get-proto@1.0.1 OK for: get-intrinsic@1.3.0 want: ^1.0.1
515 silly placeDep ROOT gopd@1.2.0 OK for: get-intrinsic@1.3.0 want: ^1.2.0
516 silly placeDep ROOT has-symbols@1.1.0 OK for: get-intrinsic@1.3.0 want: ^1.1.0
517 silly placeDep ROOT hasown@2.0.2 OK for: get-intrinsic@1.3.0 want: ^2.0.2
518 silly placeDep ROOT math-intrinsics@1.1.0 OK for: get-intrinsic@1.3.0 want: ^1.1.0
519 silly fetch manifest dunder-proto@^1.0.1
520 silly packumentCache full:https://registry.npmjs.org/dunder-proto cache-miss
521 http fetch GET 200 https://registry.npmjs.org/dunder-proto 573ms (cache miss)
522 silly packumentCache full:https://registry.npmjs.org/dunder-proto set size:undefined disposed:false
523 silly placeDep ROOT dunder-proto@1.0.1 OK for: get-proto@1.0.1 want: ^1.0.1
524 silly placeDep ROOT media-typer@1.1.0 OK for: type-is@2.0.1 want: ^1.1.0
525 silly reify moves {}
526 silly audit bulk request {
526 silly audit   'discord.js': [ '14.19.3' ],
526 silly audit   express: [ '5.1.0' ],
526 silly audit   '@discordjs/builders': [ '1.11.2' ],
526 silly audit   '@discordjs/collection': [ '1.5.3', '2.1.1' ],
526 silly audit   '@discordjs/formatters': [ '0.6.1' ],
526 silly audit   '@discordjs/rest': [ '2.5.0' ],
526 silly audit   '@discordjs/util': [ '1.1.1' ],
526 silly audit   '@discordjs/ws': [ '1.2.2' ],
526 silly audit   '@sapphire/snowflake': [ '3.5.3' ],
526 silly audit   'discord-api-types': [ '0.38.4' ],
526 silly audit   'fast-deep-equal': [ '3.1.3' ],
526 silly audit   'lodash.snakecase': [ '4.1.1' ],
526 silly audit   'magic-bytes.js': [ '1.12.1' ],
526 silly audit   tslib: [ '2.8.1' ],
526 silly audit   undici: [ '6.21.1' ],
526 silly audit   '@sapphire/shapeshift': [ '4.0.0' ],
526 silly audit   'ts-mixer': [ '6.0.4' ],
526 silly audit   '@sapphire/async-queue': [ '1.5.5' ],
526 silly audit   '@vladfrangu/async_event_emitter': [ '2.4.6' ],
526 silly audit   '@types/ws': [ '8.18.1' ],
526 silly audit   ws: [ '8.18.2' ],
526 silly audit   lodash: [ '4.17.21' ],
526 silly audit   '@types/node': [ '22.15.17' ],
526 silly audit   'undici-types': [ '6.21.0' ],
526 silly audit   accepts: [ '2.0.0' ],
526 silly audit   'body-parser': [ '2.2.0' ],
526 silly audit   'content-disposition': [ '1.0.0' ],
526 silly audit   'content-type': [ '1.0.5' ],
526 silly audit   cookie: [ '0.7.2' ],
526 silly audit   'cookie-signature': [ '1.2.2' ],
526 silly audit   debug: [ '4.4.0' ],
526 silly audit   encodeurl: [ '2.0.0' ],
526 silly audit   'escape-html': [ '1.0.3' ],
526 silly audit   etag: [ '1.8.1' ],
526 silly audit   finalhandler: [ '2.1.0' ],
526 silly audit   fresh: [ '2.0.0' ],
526 silly audit   'http-errors': [ '2.0.0' ],
526 silly audit   'merge-descriptors': [ '2.0.0' ],
526 silly audit   'mime-types': [ '3.0.1' ],
526 silly audit   'on-finished': [ '2.4.1' ],
526 silly audit   once: [ '1.4.0' ],
526 silly audit   parseurl: [ '1.3.3' ],
526 silly audit   'proxy-addr': [ '2.0.7' ],
526 silly audit   qs: [ '6.14.0' ],
526 silly audit   'range-parser': [ '1.2.1' ],
526 silly audit   router: [ '2.2.0' ],
526 silly audit   send: [ '1.2.0' ],
526 silly audit   'serve-static': [ '2.2.0' ],
526 silly audit   statuses: [ '2.0.1' ],
526 silly audit   'type-is': [ '2.0.1' ],
526 silly audit   vary: [ '1.1.2' ],
526 silly audit   negotiator: [ '1.0.0' ],
526 silly audit   bytes: [ '3.1.2' ],
526 silly audit   'iconv-lite': [ '0.6.3' ],
526 silly audit   'raw-body': [ '3.0.0' ],
526 silly audit   'safe-buffer': [ '5.2.1' ],
526 silly audit   ms: [ '2.1.3' ],
526 silly audit   depd: [ '2.0.0' ],
526 silly audit   inherits: [ '2.0.4' ],
526 silly audit   setprototypeof: [ '1.2.0' ],
526 silly audit   toidentifier: [ '1.0.1' ],
526 silly audit   'safer-buffer': [ '2.1.2' ],
526 silly audit   'mime-db': [ '1.54.0' ],
526 silly audit   'ee-first': [ '1.1.1' ],
526 silly audit   wrappy: [ '1.0.2' ],
526 silly audit   forwarded: [ '0.2.0' ],
526 silly audit   'ipaddr.js': [ '1.9.1' ],
526 silly audit   'side-channel': [ '1.1.0' ],
526 silly audit   unpipe: [ '1.0.0' ],
526 silly audit   'is-promise': [ '4.0.0' ],
526 silly audit   'path-to-regexp': [ '8.2.0' ],
526 silly audit   'es-errors': [ '1.3.0' ],
526 silly audit   'object-inspect': [ '1.13.4' ],
526 silly audit   'side-channel-list': [ '1.0.0' ],
526 silly audit   'side-channel-map': [ '1.0.1' ],
526 silly audit   'side-channel-weakmap': [ '1.0.2' ],
526 silly audit   'call-bound': [ '1.0.4' ],
526 silly audit   'get-intrinsic': [ '1.3.0' ],
526 silly audit   'call-bind-apply-helpers': [ '1.0.2' ],
526 silly audit   'function-bind': [ '1.1.2' ],
526 silly audit   'es-define-property': [ '1.0.1' ],
526 silly audit   'es-object-atoms': [ '1.1.1' ],
526 silly audit   'get-proto': [ '1.0.1' ],
526 silly audit   gopd: [ '1.2.0' ],
526 silly audit   'has-symbols': [ '1.1.0' ],
526 silly audit   hasown: [ '2.0.2' ],
526 silly audit   'math-intrinsics': [ '1.1.0' ],
526 silly audit   'dunder-proto': [ '1.0.1' ],
526 silly audit   'media-typer': [ '1.1.0' ]
526 silly audit }
527 http cache hasown@https://registry.npmjs.org/hasown/-/hasown-2.0.2.tgz 0ms (cache hit)
528 http cache has-symbols@https://registry.npmjs.org/has-symbols/-/has-symbols-1.1.0.tgz 1ms (cache hit)
529 http cache gopd@https://registry.npmjs.org/gopd/-/gopd-1.2.0.tgz 0ms (cache hit)
530 http cache math-intrinsics@https://registry.npmjs.org/math-intrinsics/-/math-intrinsics-1.1.0.tgz 0ms (cache hit)
531 http cache dunder-proto@https://registry.npmjs.org/dunder-proto/-/dunder-proto-1.0.1.tgz 0ms (cache hit)
532 http cache get-proto@https://registry.npmjs.org/get-proto/-/get-proto-1.0.1.tgz 0ms (cache hit)
533 http cache function-bind@https://registry.npmjs.org/function-bind/-/function-bind-1.1.2.tgz 0ms (cache hit)
534 http cache es-object-atoms@https://registry.npmjs.org/es-object-atoms/-/es-object-atoms-1.1.1.tgz 0ms (cache hit)
535 http cache es-define-property@https://registry.npmjs.org/es-define-property/-/es-define-property-1.0.1.tgz 0ms (cache hit)
536 http cache call-bind-apply-helpers@https://registry.npmjs.org/call-bind-apply-helpers/-/call-bind-apply-helpers-1.0.2.tgz 0ms (cache hit)
537 http cache get-intrinsic@https://registry.npmjs.org/get-intrinsic/-/get-intrinsic-1.3.0.tgz 0ms (cache hit)
538 http cache call-bound@https://registry.npmjs.org/call-bound/-/call-bound-1.0.4.tgz 0ms (cache hit)
539 http cache side-channel-weakmap@https://registry.npmjs.org/side-channel-weakmap/-/side-channel-weakmap-1.0.2.tgz 0ms (cache hit)
540 http cache side-channel-map@https://registry.npmjs.org/side-channel-map/-/side-channel-map-1.0.1.tgz 0ms (cache hit)
541 http cache side-channel-list@https://registry.npmjs.org/side-channel-list/-/side-channel-list-1.0.0.tgz 0ms (cache hit)
542 http cache es-errors@https://registry.npmjs.org/es-errors/-/es-errors-1.3.0.tgz 0ms (cache hit)
543 http cache path-to-regexp@https://registry.npmjs.org/path-to-regexp/-/path-to-regexp-8.2.0.tgz 0ms (cache hit)
544 http cache is-promise@https://registry.npmjs.org/is-promise/-/is-promise-4.0.0.tgz 0ms (cache hit)
545 http cache object-inspect@https://registry.npmjs.org/object-inspect/-/object-inspect-1.13.4.tgz 0ms (cache hit)
546 http cache unpipe@https://registry.npmjs.org/unpipe/-/unpipe-1.0.0.tgz 0ms (cache hit)
547 http cache side-channel@https://registry.npmjs.org/side-channel/-/side-channel-1.1.0.tgz 1ms (cache hit)
548 http cache ipaddr.js@https://registry.npmjs.org/ipaddr.js/-/ipaddr.js-1.9.1.tgz 0ms (cache hit)
549 http cache forwarded@https://registry.npmjs.org/forwarded/-/forwarded-0.2.0.tgz 0ms (cache hit)
550 http cache wrappy@https://registry.npmjs.org/wrappy/-/wrappy-1.0.2.tgz 0ms (cache hit)
551 http cache ee-first@https://registry.npmjs.org/ee-first/-/ee-first-1.1.1.tgz 0ms (cache hit)
552 http cache mime-db@https://registry.npmjs.org/mime-db/-/mime-db-1.54.0.tgz 0ms (cache hit)
553 http cache toidentifier@https://registry.npmjs.org/toidentifier/-/toidentifier-1.0.1.tgz 0ms (cache hit)
554 http cache safer-buffer@https://registry.npmjs.org/safer-buffer/-/safer-buffer-2.1.2.tgz 1ms (cache hit)
555 http cache setprototypeof@https://registry.npmjs.org/setprototypeof/-/setprototypeof-1.2.0.tgz 0ms (cache hit)
556 http cache inherits@https://registry.npmjs.org/inherits/-/inherits-2.0.4.tgz 0ms (cache hit)
557 http cache depd@https://registry.npmjs.org/depd/-/depd-2.0.0.tgz 0ms (cache hit)
558 http cache ms@https://registry.npmjs.org/ms/-/ms-2.1.3.tgz 0ms (cache hit)
559 http cache raw-body@https://registry.npmjs.org/raw-body/-/raw-body-3.0.0.tgz 0ms (cache hit)
560 http cache iconv-lite@https://registry.npmjs.org/iconv-lite/-/iconv-lite-0.6.3.tgz 0ms (cache hit)
561 http cache bytes@https://registry.npmjs.org/bytes/-/bytes-3.1.2.tgz 1ms (cache hit)
562 http cache negotiator@https://registry.npmjs.org/negotiator/-/negotiator-1.0.0.tgz 0ms (cache hit)
563 http cache vary@https://registry.npmjs.org/vary/-/vary-1.1.2.tgz 0ms (cache hit)
564 http cache statuses@https://registry.npmjs.org/statuses/-/statuses-2.0.1.tgz 0ms (cache hit)
565 http cache type-is@https://registry.npmjs.org/type-is/-/type-is-2.0.1.tgz 0ms (cache hit)
566 http cache serve-static@https://registry.npmjs.org/serve-static/-/serve-static-2.2.0.tgz 0ms (cache hit)
567 http cache send@https://registry.npmjs.org/send/-/send-1.2.0.tgz 0ms (cache hit)
568 http cache router@https://registry.npmjs.org/router/-/router-2.2.0.tgz 0ms (cache hit)
569 http cache range-parser@https://registry.npmjs.org/range-parser/-/range-parser-1.2.1.tgz 0ms (cache hit)
570 http cache qs@https://registry.npmjs.org/qs/-/qs-6.14.0.tgz 0ms (cache hit)
571 http cache proxy-addr@https://registry.npmjs.org/proxy-addr/-/proxy-addr-2.0.7.tgz 1ms (cache hit)
572 http cache parseurl@https://registry.npmjs.org/parseurl/-/parseurl-1.3.3.tgz 0ms (cache hit)
573 http cache once@https://registry.npmjs.org/once/-/once-1.4.0.tgz 0ms (cache hit)
574 http cache on-finished@https://registry.npmjs.org/on-finished/-/on-finished-2.4.1.tgz 0ms (cache hit)
575 http cache mime-types@https://registry.npmjs.org/mime-types/-/mime-types-3.0.1.tgz 0ms (cache hit)
576 http cache merge-descriptors@https://registry.npmjs.org/merge-descriptors/-/merge-descriptors-2.0.0.tgz 0ms (cache hit)
577 http cache http-errors@https://registry.npmjs.org/http-errors/-/http-errors-2.0.0.tgz 0ms (cache hit)
578 http cache fresh@https://registry.npmjs.org/fresh/-/fresh-2.0.0.tgz 0ms (cache hit)
579 http cache finalhandler@https://registry.npmjs.org/finalhandler/-/finalhandler-2.1.0.tgz 0ms (cache hit)
580 http cache etag@https://registry.npmjs.org/etag/-/etag-1.8.1.tgz 0ms (cache hit)
581 http cache encodeurl@https://registry.npmjs.org/encodeurl/-/encodeurl-2.0.0.tgz 0ms (cache hit)
582 http cache escape-html@https://registry.npmjs.org/escape-html/-/escape-html-1.0.3.tgz 0ms (cache hit)
583 http cache debug@https://registry.npmjs.org/debug/-/debug-4.4.0.tgz 0ms (cache hit)
584 http cache safe-buffer@https://registry.npmjs.org/safe-buffer/-/safe-buffer-5.2.1.tgz 0ms (cache hit)
585 http cache content-type@https://registry.npmjs.org/content-type/-/content-type-1.0.5.tgz 0ms (cache hit)
586 http cache cookie@https://registry.npmjs.org/cookie/-/cookie-0.7.2.tgz 0ms (cache hit)
587 http cache content-disposition@https://registry.npmjs.org/content-disposition/-/content-disposition-1.0.0.tgz 0ms (cache hit)
588 http cache body-parser@https://registry.npmjs.org/body-parser/-/body-parser-2.2.0.tgz 0ms (cache hit)
589 http cache accepts@https://registry.npmjs.org/accepts/-/accepts-2.0.0.tgz 0ms (cache hit)
590 http cache lodash@https://registry.npmjs.org/lodash/-/lodash-4.17.21.tgz 0ms (cache hit)
591 http cache cookie-signature@https://registry.npmjs.org/cookie-signature/-/cookie-signature-1.2.2.tgz 0ms (cache hit)
592 http cache undici-types@https://registry.npmjs.org/undici-types/-/undici-types-6.21.0.tgz 0ms (cache hit)
593 http cache @types/node@https://registry.npmjs.org/@types/node/-/node-22.15.17.tgz 0ms (cache hit)
594 http cache ws@https://registry.npmjs.org/ws/-/ws-8.18.2.tgz 0ms (cache hit)
595 http cache @types/ws@https://registry.npmjs.org/@types/ws/-/ws-8.18.1.tgz 0ms (cache hit)
596 http cache ts-mixer@https://registry.npmjs.org/ts-mixer/-/ts-mixer-6.0.4.tgz 0ms (cache hit)
597 http cache @sapphire/async-queue@https://registry.npmjs.org/@sapphire/async-queue/-/async-queue-1.5.5.tgz 0ms (cache hit)
598 http cache @vladfrangu/async_event_emitter@https://registry.npmjs.org/@vladfrangu/async_event_emitter/-/async_event_emitter-2.4.6.tgz 0ms (cache hit)
599 http cache @sapphire/shapeshift@https://registry.npmjs.org/@sapphire/shapeshift/-/shapeshift-4.0.0.tgz 0ms (cache hit)
600 http cache undici@https://registry.npmjs.org/undici/-/undici-6.21.1.tgz 0ms (cache hit)
601 http cache tslib@https://registry.npmjs.org/tslib/-/tslib-2.8.1.tgz 0ms (cache hit)
602 http cache magic-bytes.js@https://registry.npmjs.org/magic-bytes.js/-/magic-bytes.js-1.12.1.tgz 1ms (cache hit)
603 http cache lodash.snakecase@https://registry.npmjs.org/lodash.snakecase/-/lodash.snakecase-4.1.1.tgz 0ms (cache hit)
604 http cache fast-deep-equal@https://registry.npmjs.org/fast-deep-equal/-/fast-deep-equal-3.1.3.tgz 0ms (cache hit)
605 http cache discord-api-types@https://registry.npmjs.org/discord-api-types/-/discord-api-types-0.38.4.tgz 0ms (cache hit)
606 http cache @sapphire/snowflake@https://registry.npmjs.org/@sapphire/snowflake/-/snowflake-3.5.3.tgz 0ms (cache hit)
607 http cache media-typer@https://registry.npmjs.org/media-typer/-/media-typer-1.1.0.tgz 0ms (cache hit)
608 http cache @discordjs/ws@https://registry.npmjs.org/@discordjs/ws/-/ws-1.2.2.tgz 0ms (cache hit)
609 http cache @discordjs/util@https://registry.npmjs.org/@discordjs/util/-/util-1.1.1.tgz 0ms (cache hit)
610 http cache @discordjs/rest@https://registry.npmjs.org/@discordjs/rest/-/rest-2.5.0.tgz 0ms (cache hit)
611 http cache @discordjs/formatters@https://registry.npmjs.org/@discordjs/formatters/-/formatters-0.6.1.tgz 0ms (cache hit)
612 http cache @discordjs/collection@https://registry.npmjs.org/@discordjs/collection/-/collection-1.5.3.tgz 0ms (cache hit)
613 http cache express@https://registry.npmjs.org/express/-/express-5.1.0.tgz 0ms (cache hit)
614 http cache @discordjs/builders@https://registry.npmjs.org/@discordjs/builders/-/builders-1.11.2.tgz 0ms (cache hit)
615 http cache discord.js@https://registry.npmjs.org/discord.js/-/discord.js-14.19.3.tgz 0ms (cache hit)
616 http cache @discordjs/collection@https://registry.npmjs.org/@discordjs/collection/-/collection-2.1.1.tgz 0ms (cache hit)
617 http cache @discordjs/collection@https://registry.npmjs.org/@discordjs/collection/-/collection-2.1.1.tgz 0ms (cache hit)
618 silly tarball no local data for hasown@https://registry.npmjs.org/hasown/-/hasown-2.0.2.tgz. Extracting by manifest.
619 silly tarball no local data for has-symbols@https://registry.npmjs.org/has-symbols/-/has-symbols-1.1.0.tgz. Extracting by manifest.
620 silly tarball no local data for gopd@https://registry.npmjs.org/gopd/-/gopd-1.2.0.tgz. Extracting by manifest.
621 silly tarball no local data for math-intrinsics@https://registry.npmjs.org/math-intrinsics/-/math-intrinsics-1.1.0.tgz. Extracting by manifest.
622 silly tarball no local data for dunder-proto@https://registry.npmjs.org/dunder-proto/-/dunder-proto-1.0.1.tgz. Extracting by manifest.
623 silly tarball no local data for get-proto@https://registry.npmjs.org/get-proto/-/get-proto-1.0.1.tgz. Extracting by manifest.
624 silly tarball no local data for function-bind@https://registry.npmjs.org/function-bind/-/function-bind-1.1.2.tgz. Extracting by manifest.
625 silly tarball no local data for es-object-atoms@https://registry.npmjs.org/es-object-atoms/-/es-object-atoms-1.1.1.tgz. Extracting by manifest.
626 silly tarball no local data for es-define-property@https://registry.npmjs.org/es-define-property/-/es-define-property-1.0.1.tgz. Extracting by manifest.
627 silly tarball no local data for call-bind-apply-helpers@https://registry.npmjs.org/call-bind-apply-helpers/-/call-bind-apply-helpers-1.0.2.tgz. Extracting by manifest.
628 silly tarball no local data for get-intrinsic@https://registry.npmjs.org/get-intrinsic/-/get-intrinsic-1.3.0.tgz. Extracting by manifest.
629 silly tarball no local data for call-bound@https://registry.npmjs.org/call-bound/-/call-bound-1.0.4.tgz. Extracting by manifest.
630 silly tarball no local data for side-channel-weakmap@https://registry.npmjs.org/side-channel-weakmap/-/side-channel-weakmap-1.0.2.tgz. Extracting by manifest.
631 silly tarball no local data for side-channel-map@https://registry.npmjs.org/side-channel-map/-/side-channel-map-1.0.1.tgz. Extracting by manifest.
632 silly tarball no local data for side-channel-list@https://registry.npmjs.org/side-channel-list/-/side-channel-list-1.0.0.tgz. Extracting by manifest.
633 silly tarball no local data for es-errors@https://registry.npmjs.org/es-errors/-/es-errors-1.3.0.tgz. Extracting by manifest.
634 silly tarball no local data for path-to-regexp@https://registry.npmjs.org/path-to-regexp/-/path-to-regexp-8.2.0.tgz. Extracting by manifest.
635 silly tarball no local data for is-promise@https://registry.npmjs.org/is-promise/-/is-promise-4.0.0.tgz. Extracting by manifest.
636 silly tarball no local data for object-inspect@https://registry.npmjs.org/object-inspect/-/object-inspect-1.13.4.tgz. Extracting by manifest.
637 silly tarball no local data for unpipe@https://registry.npmjs.org/unpipe/-/unpipe-1.0.0.tgz. Extracting by manifest.
638 silly tarball no local data for side-channel@https://registry.npmjs.org/side-channel/-/side-channel-1.1.0.tgz. Extracting by manifest.
639 silly tarball no local data for ipaddr.js@https://registry.npmjs.org/ipaddr.js/-/ipaddr.js-1.9.1.tgz. Extracting by manifest.
640 silly tarball no local data for forwarded@https://registry.npmjs.org/forwarded/-/forwarded-0.2.0.tgz. Extracting by manifest.
641 silly tarball no local data for wrappy@https://registry.npmjs.org/wrappy/-/wrappy-1.0.2.tgz. Extracting by manifest.
642 silly tarball no local data for ee-first@https://registry.npmjs.org/ee-first/-/ee-first-1.1.1.tgz. Extracting by manifest.
643 silly tarball no local data for mime-db@https://registry.npmjs.org/mime-db/-/mime-db-1.54.0.tgz. Extracting by manifest.
644 silly tarball no local data for toidentifier@https://registry.npmjs.org/toidentifier/-/toidentifier-1.0.1.tgz. Extracting by manifest.
645 silly tarball no local data for safer-buffer@https://registry.npmjs.org/safer-buffer/-/safer-buffer-2.1.2.tgz. Extracting by manifest.
646 silly tarball no local data for setprototypeof@https://registry.npmjs.org/setprototypeof/-/setprototypeof-1.2.0.tgz. Extracting by manifest.
647 silly tarball no local data for inherits@https://registry.npmjs.org/inherits/-/inherits-2.0.4.tgz. Extracting by manifest.
648 silly tarball no local data for depd@https://registry.npmjs.org/depd/-/depd-2.0.0.tgz. Extracting by manifest.
649 silly tarball no local data for ms@https://registry.npmjs.org/ms/-/ms-2.1.3.tgz. Extracting by manifest.
650 silly tarball no local data for raw-body@https://registry.npmjs.org/raw-body/-/raw-body-3.0.0.tgz. Extracting by manifest.
651 silly tarball no local data for iconv-lite@https://registry.npmjs.org/iconv-lite/-/iconv-lite-0.6.3.tgz. Extracting by manifest.
652 silly tarball no local data for bytes@https://registry.npmjs.org/bytes/-/bytes-3.1.2.tgz. Extracting by manifest.
653 silly tarball no local data for negotiator@https://registry.npmjs.org/negotiator/-/negotiator-1.0.0.tgz. Extracting by manifest.
654 silly tarball no local data for vary@https://registry.npmjs.org/vary/-/vary-1.1.2.tgz. Extracting by manifest.
655 silly tarball no local data for statuses@https://registry.npmjs.org/statuses/-/statuses-2.0.1.tgz. Extracting by manifest.
656 silly tarball no local data for type-is@https://registry.npmjs.org/type-is/-/type-is-2.0.1.tgz. Extracting by manifest.
657 silly tarball no local data for serve-static@https://registry.npmjs.org/serve-static/-/serve-static-2.2.0.tgz. Extracting by manifest.
658 silly tarball no local data for send@https://registry.npmjs.org/send/-/send-1.2.0.tgz. Extracting by manifest.
659 silly tarball no local data for router@https://registry.npmjs.org/router/-/router-2.2.0.tgz. Extracting by manifest.
660 silly tarball no local data for range-parser@https://registry.npmjs.org/range-parser/-/range-parser-1.2.1.tgz. Extracting by manifest.
661 silly tarball no local data for qs@https://registry.npmjs.org/qs/-/qs-6.14.0.tgz. Extracting by manifest.
662 silly tarball no local data for proxy-addr@https://registry.npmjs.org/proxy-addr/-/proxy-addr-2.0.7.tgz. Extracting by manifest.
663 silly tarball no local data for parseurl@https://registry.npmjs.org/parseurl/-/parseurl-1.3.3.tgz. Extracting by manifest.
664 silly tarball no local data for once@https://registry.npmjs.org/once/-/once-1.4.0.tgz. Extracting by manifest.
665 silly tarball no local data for on-finished@https://registry.npmjs.org/on-finished/-/on-finished-2.4.1.tgz. Extracting by manifest.
666 silly tarball no local data for mime-types@https://registry.npmjs.org/mime-types/-/mime-types-3.0.1.tgz. Extracting by manifest.
667 silly tarball no local data for merge-descriptors@https://registry.npmjs.org/merge-descriptors/-/merge-descriptors-2.0.0.tgz. Extracting by manifest.
668 silly tarball no local data for http-errors@https://registry.npmjs.org/http-errors/-/http-errors-2.0.0.tgz. Extracting by manifest.
669 silly tarball no local data for fresh@https://registry.npmjs.org/fresh/-/fresh-2.0.0.tgz. Extracting by manifest.
670 silly tarball no local data for finalhandler@https://registry.npmjs.org/finalhandler/-/finalhandler-2.1.0.tgz. Extracting by manifest.
671 silly tarball no local data for etag@https://registry.npmjs.org/etag/-/etag-1.8.1.tgz. Extracting by manifest.
672 silly tarball no local data for encodeurl@https://registry.npmjs.org/encodeurl/-/encodeurl-2.0.0.tgz. Extracting by manifest.
673 silly tarball no local data for escape-html@https://registry.npmjs.org/escape-html/-/escape-html-1.0.3.tgz. Extracting by manifest.
674 silly tarball no local data for debug@https://registry.npmjs.org/debug/-/debug-4.4.0.tgz. Extracting by manifest.
675 silly tarball no local data for safe-buffer@https://registry.npmjs.org/safe-buffer/-/safe-buffer-5.2.1.tgz. Extracting by manifest.
676 silly tarball no local data for content-type@https://registry.npmjs.org/content-type/-/content-type-1.0.5.tgz. Extracting by manifest.
677 silly tarball no local data for cookie@https://registry.npmjs.org/cookie/-/cookie-0.7.2.tgz. Extracting by manifest.
678 silly tarball no local data for content-disposition@https://registry.npmjs.org/content-disposition/-/content-disposition-1.0.0.tgz. Extracting by manifest.
679 silly tarball no local data for body-parser@https://registry.npmjs.org/body-parser/-/body-parser-2.2.0.tgz. Extracting by manifest.
680 silly tarball no local data for accepts@https://registry.npmjs.org/accepts/-/accepts-2.0.0.tgz. Extracting by manifest.
681 silly tarball no local data for lodash@https://registry.npmjs.org/lodash/-/lodash-4.17.21.tgz. Extracting by manifest.
682 silly tarball no local data for cookie-signature@https://registry.npmjs.org/cookie-signature/-/cookie-signature-1.2.2.tgz. Extracting by manifest.
683 silly tarball no local data for undici-types@https://registry.npmjs.org/undici-types/-/undici-types-6.21.0.tgz. Extracting by manifest.
684 silly tarball no local data for @types/node@https://registry.npmjs.org/@types/node/-/node-22.15.17.tgz. Extracting by manifest.
685 silly tarball no local data for ws@https://registry.npmjs.org/ws/-/ws-8.18.2.tgz. Extracting by manifest.
686 silly tarball no local data for @types/ws@https://registry.npmjs.org/@types/ws/-/ws-8.18.1.tgz. Extracting by manifest.
687 silly tarball no local data for ts-mixer@https://registry.npmjs.org/ts-mixer/-/ts-mixer-6.0.4.tgz. Extracting by manifest.
688 silly tarball no local data for @sapphire/async-queue@https://registry.npmjs.org/@sapphire/async-queue/-/async-queue-1.5.5.tgz. Extracting by manifest.
689 silly tarball no local data for @vladfrangu/async_event_emitter@https://registry.npmjs.org/@vladfrangu/async_event_emitter/-/async_event_emitter-2.4.6.tgz. Extracting by manifest.
690 silly tarball no local data for @sapphire/shapeshift@https://registry.npmjs.org/@sapphire/shapeshift/-/shapeshift-4.0.0.tgz. Extracting by manifest.
691 silly tarball no local data for undici@https://registry.npmjs.org/undici/-/undici-6.21.1.tgz. Extracting by manifest.
692 silly tarball no local data for tslib@https://registry.npmjs.org/tslib/-/tslib-2.8.1.tgz. Extracting by manifest.
693 silly tarball no local data for magic-bytes.js@https://registry.npmjs.org/magic-bytes.js/-/magic-bytes.js-1.12.1.tgz. Extracting by manifest.
694 silly tarball no local data for lodash.snakecase@https://registry.npmjs.org/lodash.snakecase/-/lodash.snakecase-4.1.1.tgz. Extracting by manifest.
695 silly tarball no local data for fast-deep-equal@https://registry.npmjs.org/fast-deep-equal/-/fast-deep-equal-3.1.3.tgz. Extracting by manifest.
696 silly tarball no local data for discord-api-types@https://registry.npmjs.org/discord-api-types/-/discord-api-types-0.38.4.tgz. Extracting by manifest.
697 silly tarball no local data for @sapphire/snowflake@https://registry.npmjs.org/@sapphire/snowflake/-/snowflake-3.5.3.tgz. Extracting by manifest.
698 silly tarball no local data for media-typer@https://registry.npmjs.org/media-typer/-/media-typer-1.1.0.tgz. Extracting by manifest.
699 silly tarball no local data for @discordjs/ws@https://registry.npmjs.org/@discordjs/ws/-/ws-1.2.2.tgz. Extracting by manifest.
700 silly tarball no local data for @discordjs/util@https://registry.npmjs.org/@discordjs/util/-/util-1.1.1.tgz. Extracting by manifest.
701 silly tarball no local data for @discordjs/rest@https://registry.npmjs.org/@discordjs/rest/-/rest-2.5.0.tgz. Extracting by manifest.
702 silly tarball no local data for @discordjs/formatters@https://registry.npmjs.org/@discordjs/formatters/-/formatters-0.6.1.tgz. Extracting by manifest.
703 silly tarball no local data for @discordjs/collection@https://registry.npmjs.org/@discordjs/collection/-/collection-1.5.3.tgz. Extracting by manifest.
704 silly tarball no local data for express@https://registry.npmjs.org/express/-/express-5.1.0.tgz. Extracting by manifest.
705 silly tarball no local data for @discordjs/builders@https://registry.npmjs.org/@discordjs/builders/-/builders-1.11.2.tgz. Extracting by manifest.
706 silly tarball no local data for discord.js@https://registry.npmjs.org/discord.js/-/discord.js-14.19.3.tgz. Extracting by manifest.
707 silly tarball no local data for @discordjs/collection@https://registry.npmjs.org/@discordjs/collection/-/collection-2.1.1.tgz. Extracting by manifest.
708 silly tarball no local data for @discordjs/collection@https://registry.npmjs.org/@discordjs/collection/-/collection-2.1.1.tgz. Extracting by manifest.
709 http fetch POST 200 https://registry.npmjs.org/-/npm/v1/security/advisories/bulk 1340ms
710 silly audit report {}
711 http fetch GET 200 https://registry.npmjs.org/has-symbols/-/has-symbols-1.1.0.tgz 1838ms (cache miss)
712 http fetch GET 200 https://registry.npmjs.org/es-errors/-/es-errors-1.3.0.tgz 1837ms (cache miss)
713 http fetch GET 200 https://registry.npmjs.org/math-intrinsics/-/math-intrinsics-1.1.0.tgz 1892ms (cache miss)
714 http fetch GET 200 https://registry.npmjs.org/dunder-proto/-/dunder-proto-1.0.1.tgz 1896ms (cache miss)
715 http fetch GET 200 https://registry.npmjs.org/get-proto/-/get-proto-1.0.1.tgz 1896ms (cache miss)
716 http fetch GET 200 https://registry.npmjs.org/hasown/-/hasown-2.0.2.tgz 2048ms (cache miss)
717 http fetch GET 200 https://registry.npmjs.org/gopd/-/gopd-1.2.0.tgz 2046ms (cache miss)
718 http fetch GET 200 https://registry.npmjs.org/side-channel-list/-/side-channel-list-1.0.0.tgz 2045ms (cache miss)
719 http fetch GET 200 https://registry.npmjs.org/is-promise/-/is-promise-4.0.0.tgz 2041ms (cache miss)
720 http fetch GET 200 https://registry.npmjs.org/unpipe/-/unpipe-1.0.0.tgz 2038ms (cache miss)
721 http fetch GET 200 https://registry.npmjs.org/side-channel/-/side-channel-1.1.0.tgz 2063ms (cache miss)
722 http fetch GET 200 https://registry.npmjs.org/path-to-regexp/-/path-to-regexp-8.2.0.tgz 2074ms (cache miss)
723 http fetch GET 200 https://registry.npmjs.org/ipaddr.js/-/ipaddr.js-1.9.1.tgz 2092ms (cache miss)
724 http fetch GET 200 https://registry.npmjs.org/wrappy/-/wrappy-1.0.2.tgz 2090ms (cache miss)
725 http fetch GET 200 https://registry.npmjs.org/toidentifier/-/toidentifier-1.0.1.tgz 2111ms (cache miss)
726 http fetch GET 200 https://registry.npmjs.org/forwarded/-/forwarded-0.2.0.tgz 2147ms (cache miss)
727 http fetch GET 200 https://registry.npmjs.org/ee-first/-/ee-first-1.1.1.tgz 2144ms (cache miss)
728 http fetch GET 200 https://registry.npmjs.org/setprototypeof/-/setprototypeof-1.2.0.tgz 2137ms (cache miss)
729 http fetch GET 200 https://registry.npmjs.org/depd/-/depd-2.0.0.tgz 2134ms (cache miss)
730 http fetch GET 200 https://registry.npmjs.org/safer-buffer/-/safer-buffer-2.1.2.tgz 2175ms (cache miss)
731 http fetch GET 200 https://registry.npmjs.org/inherits/-/inherits-2.0.4.tgz 2172ms (cache miss)
732 http fetch GET 200 https://registry.npmjs.org/ms/-/ms-2.1.3.tgz 2169ms (cache miss)
733 http fetch GET 200 https://registry.npmjs.org/raw-body/-/raw-body-3.0.0.tgz 2185ms (cache miss)
734 http fetch GET 200 https://registry.npmjs.org/mime-db/-/mime-db-1.54.0.tgz 2216ms (cache miss)
735 http fetch GET 200 https://registry.npmjs.org/es-define-property/-/es-define-property-1.0.1.tgz 2273ms (cache miss)
736 http fetch GET 200 https://registry.npmjs.org/es-object-atoms/-/es-object-atoms-1.1.1.tgz 2324ms (cache miss)
737 http fetch GET 200 https://registry.npmjs.org/negotiator/-/negotiator-1.0.0.tgz 2382ms (cache miss)
738 http fetch GET 200 https://registry.npmjs.org/bytes/-/bytes-3.1.2.tgz 2395ms (cache miss)
739 http fetch GET 200 https://registry.npmjs.org/type-is/-/type-is-2.0.1.tgz 2417ms (cache miss)
740 http fetch GET 200 https://registry.npmjs.org/function-bind/-/function-bind-1.1.2.tgz 2546ms (cache miss)
741 http fetch GET 200 https://registry.npmjs.org/statuses/-/statuses-2.0.1.tgz 2511ms (cache miss)
742 http fetch GET 200 https://registry.npmjs.org/side-channel-weakmap/-/side-channel-weakmap-1.0.2.tgz 2583ms (cache miss)
743 http fetch GET 200 https://registry.npmjs.org/vary/-/vary-1.1.2.tgz 2557ms (cache miss)
744 http fetch GET 200 https://registry.npmjs.org/call-bound/-/call-bound-1.0.4.tgz 2665ms (cache miss)
745 http fetch GET 200 https://registry.npmjs.org/call-bind-apply-helpers/-/call-bind-apply-helpers-1.0.2.tgz 2723ms (cache miss)
746 http fetch GET 200 https://registry.npmjs.org/side-channel-map/-/side-channel-map-1.0.1.tgz 2776ms (cache miss)
747 http fetch GET 200 https://registry.npmjs.org/get-intrinsic/-/get-intrinsic-1.3.0.tgz 2855ms (cache miss)
748 http fetch GET 200 https://registry.npmjs.org/merge-descriptors/-/merge-descriptors-2.0.0.tgz 2817ms (cache miss)
749 http fetch GET 200 https://registry.npmjs.org/fresh/-/fresh-2.0.0.tgz 2836ms (cache miss)
750 http fetch GET 200 https://registry.npmjs.org/finalhandler/-/finalhandler-2.1.0.tgz 2837ms (cache miss)
751 http fetch GET 200 https://registry.npmjs.org/serve-static/-/serve-static-2.2.0.tgz 2892ms (cache miss)
752 http fetch GET 200 https://registry.npmjs.org/range-parser/-/range-parser-1.2.1.tgz 2910ms (cache miss)
753 http fetch GET 200 https://registry.npmjs.org/proxy-addr/-/proxy-addr-2.0.7.tgz 2930ms (cache miss)
754 http fetch GET 200 https://registry.npmjs.org/send/-/send-1.2.0.tgz 2951ms (cache miss)
755 http fetch GET 200 https://registry.npmjs.org/parseurl/-/parseurl-1.3.3.tgz 2951ms (cache miss)
756 http fetch GET 200 https://registry.npmjs.org/http-errors/-/http-errors-2.0.0.tgz 2940ms (cache miss)
757 http fetch GET 200 https://registry.npmjs.org/object-inspect/-/object-inspect-1.13.4.tgz 3037ms (cache miss)
758 http fetch GET 200 https://registry.npmjs.org/once/-/once-1.4.0.tgz 2981ms (cache miss)
759 http fetch GET 200 https://registry.npmjs.org/encodeurl/-/encodeurl-2.0.0.tgz 2980ms (cache miss)
760 http fetch GET 200 https://registry.npmjs.org/content-type/-/content-type-1.0.5.tgz 2971ms (cache miss)
761 http fetch GET 200 https://registry.npmjs.org/cookie/-/cookie-0.7.2.tgz 2974ms (cache miss)
762 http fetch GET 200 https://registry.npmjs.org/etag/-/etag-1.8.1.tgz 3022ms (cache miss)
763 http fetch GET 200 https://registry.npmjs.org/content-disposition/-/content-disposition-1.0.0.tgz 2992ms (cache miss)
764 http fetch GET 200 https://registry.npmjs.org/escape-html/-/escape-html-1.0.3.tgz 3025ms (cache miss)
765 http fetch GET 200 https://registry.npmjs.org/debug/-/debug-4.4.0.tgz 3062ms (cache miss)
766 http fetch GET 200 https://registry.npmjs.org/cookie-signature/-/cookie-signature-1.2.2.tgz 3086ms (cache miss)
767 http fetch GET 200 https://registry.npmjs.org/safe-buffer/-/safe-buffer-5.2.1.tgz 3156ms (cache miss)
768 http fetch GET 200 https://registry.npmjs.org/accepts/-/accepts-2.0.0.tgz 3176ms (cache miss)
769 http fetch GET 200 https://registry.npmjs.org/router/-/router-2.2.0.tgz 3287ms (cache miss)
770 http fetch GET 200 https://registry.npmjs.org/on-finished/-/on-finished-2.4.1.tgz 3288ms (cache miss)
771 http fetch GET 200 https://registry.npmjs.org/iconv-lite/-/iconv-lite-0.6.3.tgz 3433ms (cache miss)
772 http fetch GET 200 https://registry.npmjs.org/qs/-/qs-6.14.0.tgz 3487ms (cache miss)
773 http fetch GET 200 https://registry.npmjs.org/tslib/-/tslib-2.8.1.tgz 3383ms (cache miss)
774 http fetch GET 200 https://registry.npmjs.org/undici-types/-/undici-types-6.21.0.tgz 3425ms (cache miss)
775 http fetch GET 200 https://registry.npmjs.org/mime-types/-/mime-types-3.0.1.tgz 3697ms (cache miss)
776 http fetch GET 200 https://registry.npmjs.org/@types/ws/-/ws-8.18.1.tgz 3637ms (cache miss)
777 http fetch GET 200 https://registry.npmjs.org/fast-deep-equal/-/fast-deep-equal-3.1.3.tgz 3690ms (cache miss)
778 http fetch GET 200 https://registry.npmjs.org/lodash.snakecase/-/lodash.snakecase-4.1.1.tgz 3781ms (cache miss)
779 http fetch GET 200 https://registry.npmjs.org/ws/-/ws-8.18.2.tgz 4145ms (cache miss)
780 http fetch GET 200 https://registry.npmjs.org/media-typer/-/media-typer-1.1.0.tgz 4437ms (cache miss)
781 http fetch GET 200 https://registry.npmjs.org/ts-mixer/-/ts-mixer-6.0.4.tgz 4620ms (cache miss)
782 http fetch GET 200 https://registry.npmjs.org/magic-bytes.js/-/magic-bytes.js-1.12.1.tgz 4889ms (cache miss)
783 http fetch GET 200 https://registry.npmjs.org/@vladfrangu/async_event_emitter/-/async_event_emitter-2.4.6.tgz 5031ms (cache miss)
784 http fetch GET 200 https://registry.npmjs.org/@discordjs/util/-/util-1.1.1.tgz 5539ms (cache miss)
785 http fetch GET 200 https://registry.npmjs.org/@discordjs/formatters/-/formatters-0.6.1.tgz 5840ms (cache miss)
786 http fetch GET 200 https://registry.npmjs.org/@sapphire/async-queue/-/async-queue-1.5.5.tgz 6545ms (cache miss)
787 http fetch GET 200 https://registry.npmjs.org/express/-/express-5.1.0.tgz 6507ms (cache miss)
788 http fetch GET 200 https://registry.npmjs.org/@types/node/-/node-22.15.17.tgz 6581ms (cache miss)
789 http fetch GET 200 https://registry.npmjs.org/body-parser/-/body-parser-2.2.0.tgz 6960ms (cache miss)
790 http fetch GET 200 https://registry.npmjs.org/@discordjs/builders/-/builders-1.11.2.tgz 7942ms (cache miss)
791 http fetch GET 200 https://registry.npmjs.org/@sapphire/shapeshift/-/shapeshift-4.0.0.tgz 7992ms (cache miss)
792 http fetch GET 200 https://registry.npmjs.org/@discordjs/ws/-/ws-1.2.2.tgz 8025ms (cache miss)
793 http fetch GET 200 https://registry.npmjs.org/@discordjs/collection/-/collection-1.5.3.tgz 8035ms (cache miss)
794 http fetch GET 200 https://registry.npmjs.org/@discordjs/collection/-/collection-2.1.1.tgz 8028ms (cache miss)
795 http fetch GET 200 https://registry.npmjs.org/@discordjs/collection/-/collection-2.1.1.tgz 8042ms (cache miss)
796 http fetch GET 200 https://registry.npmjs.org/@discordjs/rest/-/rest-2.5.0.tgz 8085ms (cache miss)
797 http fetch GET 200 https://registry.npmjs.org/@sapphire/snowflake/-/snowflake-3.5.3.tgz 8479ms (cache miss)
798 http fetch GET 200 https://registry.npmjs.org/undici/-/undici-6.21.1.tgz 8795ms (cache miss)
799 http fetch GET 200 https://registry.npmjs.org/discord.js/-/discord.js-14.19.3.tgz 10193ms (cache miss)
800 http fetch GET 200 https://registry.npmjs.org/lodash/-/lodash-4.17.21.tgz 10848ms (cache miss)
801 http fetch GET 200 https://registry.npmjs.org/discord-api-types/-/discord-api-types-0.38.4.tgz 10898ms (cache miss)
802 silly ADD node_modules/media-typer
803 silly ADD node_modules/dunder-proto
804 silly ADD node_modules/math-intrinsics
805 silly ADD node_modules/hasown
806 silly ADD node_modules/has-symbols
807 silly ADD node_modules/gopd
808 silly ADD node_modules/get-proto
809 silly ADD node_modules/es-object-atoms
810 silly ADD node_modules/es-define-property
811 silly ADD node_modules/function-bind
812 silly ADD node_modules/call-bind-apply-helpers
813 silly ADD node_modules/get-intrinsic
814 silly ADD node_modules/call-bound
815 silly ADD node_modules/side-channel-weakmap
816 silly ADD node_modules/side-channel-map
817 silly ADD node_modules/side-channel-list
818 silly ADD node_modules/object-inspect
819 silly ADD node_modules/es-errors
820 silly ADD node_modules/path-to-regexp
821 silly ADD node_modules/is-promise
822 silly ADD node_modules/unpipe
823 silly ADD node_modules/side-channel
824 silly ADD node_modules/ipaddr.js
825 silly ADD node_modules/forwarded
826 silly ADD node_modules/wrappy
827 silly ADD node_modules/ee-first
828 silly ADD node_modules/mime-db
829 silly ADD node_modules/safer-buffer
830 silly ADD node_modules/toidentifier
831 silly ADD node_modules/setprototypeof
832 silly ADD node_modules/inherits
833 silly ADD node_modules/depd
834 silly ADD node_modules/ms
835 silly ADD node_modules/safe-buffer
836 silly ADD node_modules/raw-body
837 silly ADD node_modules/iconv-lite
838 silly ADD node_modules/bytes
839 silly ADD node_modules/negotiator
840 silly ADD node_modules/vary
841 silly ADD node_modules/type-is
842 silly ADD node_modules/statuses
843 silly ADD node_modules/serve-static
844 silly ADD node_modules/send
845 silly ADD node_modules/router
846 silly ADD node_modules/range-parser
847 silly ADD node_modules/qs
848 silly ADD node_modules/proxy-addr
849 silly ADD node_modules/parseurl
850 silly ADD node_modules/once
851 silly ADD node_modules/on-finished
852 silly ADD node_modules/mime-types
853 silly ADD node_modules/merge-descriptors
854 silly ADD node_modules/http-errors
855 silly ADD node_modules/fresh
856 silly ADD node_modules/finalhandler
857 silly ADD node_modules/etag
858 silly ADD node_modules/escape-html
859 silly ADD node_modules/encodeurl
860 silly ADD node_modules/debug
861 silly ADD node_modules/cookie-signature
862 silly ADD node_modules/cookie
863 silly ADD node_modules/content-type
864 silly ADD node_modules/content-disposition
865 silly ADD node_modules/body-parser
866 silly ADD node_modules/accepts
867 silly ADD node_modules/undici-types
868 silly ADD node_modules/@types/node
869 silly ADD node_modules/lodash
870 silly ADD node_modules/ws
871 silly ADD node_modules/@types/ws
872 silly ADD node_modules/@vladfrangu/async_event_emitter
873 silly ADD node_modules/@sapphire/async-queue
874 silly ADD node_modules/ts-mixer
875 silly ADD node_modules/@sapphire/shapeshift
876 silly ADD node_modules/undici
877 silly ADD node_modules/tslib
878 silly ADD node_modules/magic-bytes.js
879 silly ADD node_modules/lodash.snakecase
880 silly ADD node_modules/fast-deep-equal
881 silly ADD node_modules/discord-api-types
882 silly ADD node_modules/@sapphire/snowflake
883 silly ADD node_modules/@discordjs/ws
884 silly ADD node_modules/@discordjs/ws/node_modules/@discordjs/collection
885 silly ADD node_modules/@discordjs/util
886 silly ADD node_modules/@discordjs/rest
887 silly ADD node_modules/@discordjs/rest/node_modules/@discordjs/collection
888 silly ADD node_modules/@discordjs/formatters
889 silly ADD node_modules/@discordjs/collection
890 silly ADD node_modules/@discordjs/builders
891 silly ADD node_modules/express
892 silly ADD node_modules/discord.js
893 verbose cwd /data/data/com.termux/files/home/my-bot
894 verbose os Linux 4.4.111-16352863
895 verbose node v23.11.0
896 verbose npm  v10.9.2
897 verbose exit 0
898 info ok
